{"C:\\Projetos\\spotify-react-redux\\src\\index.js": {"path":"C:\\Projetos\\spotify-react-redux\\src\\index.js","statementMap":{"0":{"start":{"line":1,"column":0},"end":{"line":null,"column":-1}},"1":{"start":{"line":2,"column":0},"end":{"line":null,"column":-1}},"2":{"start":{"line":3,"column":0},"end":{"line":null,"column":-1}},"3":{"start":{"line":4,"column":0},"end":{"line":null,"column":-1}},"4":{"start":{"line":5,"column":0},"end":{"line":null,"column":-1}},"5":{"start":{"line":12,"column":0},"end":{"line":null,"column":-1}}},"fnMap":{},"branchMap":{},"s":{"0":0,"1":0,"2":0,"3":0,"4":0,"5":0},"f":{},"b":{}}
,"C:\\Projetos\\spotify-react-redux\\src\\secret.js": {"path":"C:\\Projetos\\spotify-react-redux\\src\\secret.js","statementMap":{"0":{"start":{"line":1,"column":24},"end":{"line":1,"column":7}},"1":{"start":{"line":2,"column":28},"end":{"line":2,"column":7}},"2":{"start":{"line":3,"column":23},"end":{"line":3,"column":7}}},"fnMap":{},"branchMap":{},"s":{"0":0,"1":0,"2":0},"f":{},"b":{}}
,"C:\\Projetos\\spotify-react-redux\\src\\serviceWorker.js": {"path":"C:\\Projetos\\spotify-react-redux\\src\\serviceWorker.js","statementMap":{"0":{"start":{"line":13,"column":20},"end":{"line":13,"column":0}},"1":{"start":{"line":24,"column":2},"end":{"line":54,"column":3}},"2":{"start":{"line":26,"column":22},"end":{"line":26,"column":4}},"3":{"start":{"line":27,"column":4},"end":{"line":32,"column":5}},"4":{"start":{"line":31,"column":6},"end":{"line":null,"column":-1}},"5":{"start":{"line":34,"column":4},"end":{"line":null,"column":-1}},"6":{"start":{"line":35,"column":21},"end":{"line":35,"column":6}},"7":{"start":{"line":37,"column":6},"end":{"line":52,"column":7}},"8":{"start":{"line":39,"column":8},"end":{"line":37,"column":23}},"9":{"start":{"line":43,"column":8},"end":{"line":null,"column":-1}},"10":{"start":{"line":44,"column":10},"end":{"line":null,"column":-1}},"11":{"start":{"line":51,"column":8},"end":{"line":null,"column":-1}},"12":{"start":{"line":58,"column":2},"end":{"line":null,"column":-1}},"13":{"start":{"line":61,"column":6},"end":{"line":null,"column":-1}},"14":{"start":{"line":62,"column":33},"end":{"line":62,"column":8}},"15":{"start":{"line":63,"column":8},"end":{"line":65,"column":9}},"16":{"start":{"line":64,"column":10},"end":{"line":null,"column":-1}},"17":{"start":{"line":66,"column":8},"end":{"line":null,"column":-1}},"18":{"start":{"line":67,"column":10},"end":{"line":92,"column":11}},"19":{"start":{"line":68,"column":12},"end":{"line":91,"column":13}},"20":{"start":{"line":72,"column":14},"end":{"line":68,"column":52}},"21":{"start":{"line":78,"column":14},"end":{"line":80,"column":15}},"22":{"start":{"line":79,"column":16},"end":{"line":null,"column":-1}},"23":{"start":{"line":85,"column":14},"end":{"line":81,"column":19}},"24":{"start":{"line":88,"column":14},"end":{"line":90,"column":15}},"25":{"start":{"line":89,"column":16},"end":{"line":null,"column":-1}},"26":{"start":{"line":97,"column":6},"end":{"line":null,"column":-1}},"27":{"start":{"line":103,"column":2},"end":{"line":null,"column":-1}},"28":{"start":{"line":106,"column":26},"end":{"line":106,"column":6}},"29":{"start":{"line":107,"column":6},"end":{"line":120,"column":7}},"30":{"start":{"line":112,"column":8},"end":{"line":null,"column":-1}},"31":{"start":{"line":113,"column":10},"end":{"line":null,"column":-1}},"32":{"start":{"line":114,"column":12},"end":{"line":null,"column":-1}},"33":{"start":{"line":119,"column":8},"end":{"line":null,"column":-1}},"34":{"start":{"line":123,"column":6},"end":{"line":null,"column":-1}},"35":{"start":{"line":130,"column":2},"end":{"line":134,"column":3}},"36":{"start":{"line":131,"column":4},"end":{"line":null,"column":-1}},"37":{"start":{"line":132,"column":6},"end":{"line":null,"column":-1}}},"fnMap":{"0":{"name":"register","decl":{"start":{"line":23,"column":16},"end":{"line":23,"column":7}},"loc":{"start":{"line":23,"column":33},"end":{"line":55,"column":1}}},"1":{"name":"(anonymous_1)","decl":{"start":{"line":34,"column":36},"end":{"line":34,"column":41}},"loc":{"start":{"line":34,"column":42},"end":{"line":34,"column":4}}},"2":{"name":"(anonymous_2)","decl":{"start":{"line":43,"column":43},"end":{"line":43,"column":48}},"loc":{"start":{"line":43,"column":49},"end":{"line":43,"column":8}}},"3":{"name":"registerValidSW","decl":{"start":{"line":57,"column":9},"end":{"line":57,"column":0}},"loc":{"start":{"line":57,"column":40},"end":{"line":99,"column":1}}},"4":{"name":"(anonymous_4)","decl":{"start":{"line":60,"column":10},"end":{"line":60,"column":21}},"loc":{"start":{"line":60,"column":26},"end":{"line":58,"column":2}}},"5":{"name":"(anonymous_5)","decl":{"start":{"line":61,"column":35},"end":{"line":61,"column":40}},"loc":{"start":{"line":61,"column":41},"end":{"line":61,"column":6}}},"6":{"name":"(anonymous_6)","decl":{"start":{"line":66,"column":41},"end":{"line":66,"column":46}},"loc":{"start":{"line":66,"column":47},"end":{"line":66,"column":8}}},"7":{"name":"(anonymous_7)","decl":{"start":{"line":96,"column":11},"end":{"line":96,"column":15}},"loc":{"start":{"line":96,"column":20},"end":{"line":58,"column":2}}},"8":{"name":"checkValidServiceWorker","decl":{"start":{"line":101,"column":9},"end":{"line":101,"column":0}},"loc":{"start":{"line":101,"column":48},"end":{"line":127,"column":1}}},"9":{"name":"(anonymous_9)","decl":{"start":{"line":104,"column":10},"end":{"line":104,"column":17}},"loc":{"start":{"line":104,"column":22},"end":{"line":103,"column":2}}},"10":{"name":"(anonymous_10)","decl":{"start":{"line":112,"column":43},"end":{"line":112,"column":54}},"loc":{"start":{"line":112,"column":59},"end":{"line":112,"column":8}}},"11":{"name":"(anonymous_11)","decl":{"start":{"line":113,"column":41},"end":{"line":113,"column":46}},"loc":{"start":{"line":113,"column":47},"end":{"line":113,"column":10}}},"12":{"name":"(anonymous_12)","decl":{"start":{"line":122,"column":11},"end":{"line":122,"column":16}},"loc":{"start":{"line":122,"column":17},"end":{"line":103,"column":2}}},"13":{"name":"unregister","decl":{"start":{"line":129,"column":16},"end":{"line":129,"column":7}},"loc":{"start":{"line":129,"column":29},"end":{"line":135,"column":1}}},"14":{"name":"(anonymous_14)","decl":{"start":{"line":131,"column":39},"end":{"line":131,"column":50}},"loc":{"start":{"line":131,"column":55},"end":{"line":131,"column":4}}}},"branchMap":{"0":{"loc":{"start":{"line":14,"column":2},"end":{"line":14,"column":1}},"type":"binary-expr","locations":[{"start":{"line":14,"column":2},"end":{"line":14,"column":1}},{"start":{"line":16,"column":4},"end":{"line":14,"column":2}},{"start":{"line":18,"column":4},"end":{"line":13,"column":27}}]},"1":{"loc":{"start":{"line":24,"column":2},"end":{"line":54,"column":3}},"type":"if","locations":[{"start":{"line":24,"column":2},"end":{"line":54,"column":3}},{"start":{"line":24,"column":2},"end":{"line":54,"column":3}}]},"2":{"loc":{"start":{"line":24,"column":6},"end":{"line":24,"column":5}},"type":"binary-expr","locations":[{"start":{"line":24,"column":6},"end":{"line":24,"column":5}},{"start":{"line":24,"column":47},"end":{"line":24,"column":2}}]},"3":{"loc":{"start":{"line":27,"column":4},"end":{"line":32,"column":5}},"type":"if","locations":[{"start":{"line":27,"column":4},"end":{"line":32,"column":5}},{"start":{"line":27,"column":4},"end":{"line":32,"column":5}}]},"4":{"loc":{"start":{"line":37,"column":6},"end":{"line":52,"column":7}},"type":"if","locations":[{"start":{"line":37,"column":6},"end":{"line":52,"column":7}},{"start":{"line":37,"column":6},"end":{"line":52,"column":7}}]},"5":{"loc":{"start":{"line":63,"column":8},"end":{"line":65,"column":9}},"type":"if","locations":[{"start":{"line":63,"column":8},"end":{"line":65,"column":9}},{"start":{"line":63,"column":8},"end":{"line":65,"column":9}}]},"6":{"loc":{"start":{"line":67,"column":10},"end":{"line":92,"column":11}},"type":"if","locations":[{"start":{"line":67,"column":10},"end":{"line":92,"column":11}},{"start":{"line":67,"column":10},"end":{"line":92,"column":11}}]},"7":{"loc":{"start":{"line":68,"column":12},"end":{"line":91,"column":13}},"type":"if","locations":[{"start":{"line":68,"column":12},"end":{"line":91,"column":13}},{"start":{"line":68,"column":12},"end":{"line":91,"column":13}}]},"8":{"loc":{"start":{"line":78,"column":14},"end":{"line":80,"column":15}},"type":"if","locations":[{"start":{"line":78,"column":14},"end":{"line":80,"column":15}},{"start":{"line":78,"column":14},"end":{"line":80,"column":15}}]},"9":{"loc":{"start":{"line":78,"column":18},"end":{"line":78,"column":24}},"type":"binary-expr","locations":[{"start":{"line":78,"column":18},"end":{"line":78,"column":24}},{"start":{"line":78,"column":28},"end":{"line":78,"column":14}}]},"10":{"loc":{"start":{"line":88,"column":14},"end":{"line":90,"column":15}},"type":"if","locations":[{"start":{"line":88,"column":14},"end":{"line":90,"column":15}},{"start":{"line":88,"column":14},"end":{"line":90,"column":15}}]},"11":{"loc":{"start":{"line":88,"column":18},"end":{"line":88,"column":24}},"type":"binary-expr","locations":[{"start":{"line":88,"column":18},"end":{"line":88,"column":24}},{"start":{"line":88,"column":28},"end":{"line":88,"column":14}}]},"12":{"loc":{"start":{"line":107,"column":6},"end":{"line":120,"column":7}},"type":"if","locations":[{"start":{"line":107,"column":6},"end":{"line":120,"column":7}},{"start":{"line":107,"column":6},"end":{"line":120,"column":7}}]},"13":{"loc":{"start":{"line":108,"column":8},"end":{"line":108,"column":7}},"type":"binary-expr","locations":[{"start":{"line":108,"column":8},"end":{"line":108,"column":7}},{"start":{"line":109,"column":9},"end":{"line":109,"column":8}},{"start":{"line":109,"column":32},"end":{"line":107,"column":6}}]},"14":{"loc":{"start":{"line":130,"column":2},"end":{"line":134,"column":3}},"type":"if","locations":[{"start":{"line":130,"column":2},"end":{"line":134,"column":3}},{"start":{"line":130,"column":2},"end":{"line":134,"column":3}}]}},"s":{"0":0,"1":0,"2":0,"3":0,"4":0,"5":0,"6":0,"7":0,"8":0,"9":0,"10":0,"11":0,"12":0,"13":0,"14":0,"15":0,"16":0,"17":0,"18":0,"19":0,"20":0,"21":0,"22":0,"23":0,"24":0,"25":0,"26":0,"27":0,"28":0,"29":0,"30":0,"31":0,"32":0,"33":0,"34":0,"35":0,"36":0,"37":0},"f":{"0":0,"1":0,"2":0,"3":0,"4":0,"5":0,"6":0,"7":0,"8":0,"9":0,"10":0,"11":0,"12":0,"13":0,"14":0},"b":{"0":[0,0,0],"1":[0,0],"2":[0,0],"3":[0,0],"4":[0,0],"5":[0,0],"6":[0,0],"7":[0,0],"8":[0,0],"9":[0,0],"10":[0,0],"11":[0,0],"12":[0,0],"13":[0,0,0],"14":[0,0]}}
,"C:\\Projetos\\spotify-react-redux\\src\\components\\Login.jsx": {"path":"C:\\Projetos\\spotify-react-redux\\src\\components\\Login.jsx","statementMap":{"0":{"start":{"line":6,"column":14},"end":{"line":25,"column":1}},"1":{"start":{"line":7,"column":24},"end":{"line":7,"column":29}},"2":{"start":{"line":9,"column":25},"end":{"line":11,"column":5}},"3":{"start":{"line":10,"column":8},"end":{"line":10,"column":38}},"4":{"start":{"line":13,"column":4},"end":{"line":24,"column":6}},"5":{"start":{"line":27,"column":0},"end":{"line":29,"column":1}}},"fnMap":{"0":{"name":"(anonymous_0)","decl":{"start":{"line":6,"column":14},"end":{"line":6,"column":15}},"loc":{"start":{"line":6,"column":25},"end":{"line":25,"column":1}},"line":6},"1":{"name":"(anonymous_1)","decl":{"start":{"line":9,"column":25},"end":{"line":9,"column":26}},"loc":{"start":{"line":9,"column":31},"end":{"line":11,"column":5}},"line":9}},"branchMap":{},"s":{"0":1,"1":0,"2":0,"3":0,"4":0,"5":1},"f":{"0":0,"1":0},"b":{},"_coverageSchema":"332fd63041d2c1bcb487cc26dd0d5f7d97098a6c","hash":"dfb636db3e5c5eab87f0407b23cf17871016c89a"}
,"C:\\Projetos\\spotify-react-redux\\src\\components\\navbar.jsx": {"path":"C:\\Projetos\\spotify-react-redux\\src\\components\\navbar.jsx","statementMap":{"0":{"start":{"line":10,"column":15},"end":{"line":32,"column":1}},"1":{"start":{"line":11,"column":39},"end":{"line":11,"column":44}},"2":{"start":{"line":12,"column":28},"end":{"line":12,"column":58}},"3":{"start":{"line":12,"column":36},"end":{"line":12,"column":56}},"4":{"start":{"line":14,"column":2},"end":{"line":31,"column":4}}},"fnMap":{"0":{"name":"(anonymous_0)","decl":{"start":{"line":10,"column":15},"end":{"line":10,"column":16}},"loc":{"start":{"line":10,"column":26},"end":{"line":32,"column":1}},"line":10},"1":{"name":"(anonymous_1)","decl":{"start":{"line":12,"column":28},"end":{"line":12,"column":29}},"loc":{"start":{"line":12,"column":34},"end":{"line":12,"column":58}},"line":12}},"branchMap":{},"s":{"0":1,"1":0,"2":0,"3":0,"4":0},"f":{"0":0,"1":0},"b":{},"_coverageSchema":"332fd63041d2c1bcb487cc26dd0d5f7d97098a6c","hash":"7ff00046d3316dfc033eb20ac0d014a95596318d"}
,"C:\\Projetos\\spotify-react-redux\\src\\components\\atoms\\CustomCard.jsx": {"path":"C:\\Projetos\\spotify-react-redux\\src\\components\\atoms\\CustomCard.jsx","statementMap":{"0":{"start":{"line":4,"column":26},"end":{"line":19,"column":1}},"1":{"start":{"line":5,"column":31},"end":{"line":5,"column":36}},"2":{"start":{"line":7,"column":4},"end":{"line":18,"column":5}}},"fnMap":{"0":{"name":"(anonymous_0)","decl":{"start":{"line":4,"column":26},"end":{"line":4,"column":27}},"loc":{"start":{"line":4,"column":37},"end":{"line":19,"column":1}},"line":4}},"branchMap":{},"s":{"0":1,"1":0,"2":0},"f":{"0":0},"b":{},"_coverageSchema":"332fd63041d2c1bcb487cc26dd0d5f7d97098a6c","hash":"6f5f57c6d31bb4644c16d9406c7ce32fcb7a2473"}
,"C:\\Projetos\\spotify-react-redux\\src\\components\\atoms\\RatingStar.jsx": {"path":"C:\\Projetos\\spotify-react-redux\\src\\components\\atoms\\RatingStar.jsx","statementMap":{"0":{"start":{"line":5,"column":27},"end":{"line":15,"column":1}},"1":{"start":{"line":6,"column":28},"end":{"line":6,"column":33}},"2":{"start":{"line":8,"column":4},"end":{"line":14,"column":5}}},"fnMap":{"0":{"name":"(anonymous_0)","decl":{"start":{"line":5,"column":27},"end":{"line":5,"column":28}},"loc":{"start":{"line":5,"column":38},"end":{"line":15,"column":1}},"line":5}},"branchMap":{},"s":{"0":1,"1":0,"2":0},"f":{"0":0},"b":{},"_coverageSchema":"332fd63041d2c1bcb487cc26dd0d5f7d97098a6c","hash":"f6b142fd1c37270d54c1ff17dbe56abbaa923b49"}
,"C:\\Projetos\\spotify-react-redux\\src\\components\\atoms\\Search.jsx": {"path":"C:\\Projetos\\spotify-react-redux\\src\\components\\atoms\\Search.jsx","statementMap":{"0":{"start":{"line":5,"column":15},"end":{"line":11,"column":1}},"1":{"start":{"line":6,"column":4},"end":{"line":10,"column":6}}},"fnMap":{"0":{"name":"(anonymous_0)","decl":{"start":{"line":5,"column":15},"end":{"line":5,"column":16}},"loc":{"start":{"line":5,"column":21},"end":{"line":11,"column":1}},"line":5}},"branchMap":{},"s":{"0":1,"1":0},"f":{"0":0},"b":{},"_coverageSchema":"332fd63041d2c1bcb487cc26dd0d5f7d97098a6c","hash":"736d12c43bc53b75c8b546d84cbb00cfbdae9ae7"}
,"C:\\Projetos\\spotify-react-redux\\src\\components\\main\\FollowingArtists.jsx": {"path":"C:\\Projetos\\spotify-react-redux\\src\\components\\main\\FollowingArtists.jsx","statementMap":{"0":{"start":{"line":9,"column":25},"end":{"line":57,"column":1}},"1":{"start":{"line":10,"column":30},"end":{"line":10,"column":35}},"2":{"start":{"line":12,"column":27},"end":{"line":36,"column":3}},"3":{"start":{"line":13,"column":4},"end":{"line":35,"column":10}},"4":{"start":{"line":38,"column":2},"end":{"line":56,"column":4}},"5":{"start":{"line":47,"column":14},"end":{"line":51,"column":16}}},"fnMap":{"0":{"name":"(anonymous_0)","decl":{"start":{"line":9,"column":25},"end":{"line":9,"column":26}},"loc":{"start":{"line":9,"column":36},"end":{"line":57,"column":1}},"line":9},"1":{"name":"(anonymous_1)","decl":{"start":{"line":12,"column":27},"end":{"line":12,"column":28}},"loc":{"start":{"line":13,"column":4},"end":{"line":35,"column":10}},"line":13},"2":{"name":"(anonymous_2)","decl":{"start":{"line":46,"column":17},"end":{"line":46,"column":18}},"loc":{"start":{"line":47,"column":14},"end":{"line":51,"column":16}},"line":47}},"branchMap":{"0":{"loc":{"start":{"line":41,"column":7},"end":{"line":41,"column":45}},"type":"binary-expr","locations":[{"start":{"line":41,"column":7},"end":{"line":41,"column":23}},{"start":{"line":41,"column":27},"end":{"line":41,"column":45}}],"line":41},"1":{"loc":{"start":{"line":43,"column":9},"end":{"line":52,"column":14}},"type":"binary-expr","locations":[{"start":{"line":43,"column":9},"end":{"line":43,"column":24}},{"start":{"line":44,"column":13},"end":{"line":52,"column":14}}],"line":43}},"s":{"0":1,"1":0,"2":0,"3":0,"4":0,"5":0},"f":{"0":0,"1":0,"2":0},"b":{"0":[0,0],"1":[0,0]},"_coverageSchema":"332fd63041d2c1bcb487cc26dd0d5f7d97098a6c","hash":"1460fa4d0893a235406157b3b712e91c216edaaa"}
,"C:\\Projetos\\spotify-react-redux\\src\\components\\main\\SideBar.jsx": {"path":"C:\\Projetos\\spotify-react-redux\\src\\components\\main\\SideBar.jsx","statementMap":{"0":{"start":{"line":9,"column":17},"end":{"line":9,"column":241}},"1":{"start":{"line":13,"column":23},"end":{"line":31,"column":1}},"2":{"start":{"line":16,"column":28},"end":{"line":18,"column":3}},"3":{"start":{"line":17,"column":4},"end":{"line":17,"column":25}},"4":{"start":{"line":20,"column":2},"end":{"line":30,"column":4}}},"fnMap":{"0":{"name":"(anonymous_0)","decl":{"start":{"line":13,"column":23},"end":{"line":13,"column":24}},"loc":{"start":{"line":13,"column":76},"end":{"line":31,"column":1}},"line":13},"1":{"name":"(anonymous_1)","decl":{"start":{"line":16,"column":28},"end":{"line":16,"column":29}},"loc":{"start":{"line":16,"column":34},"end":{"line":18,"column":3}},"line":16}},"branchMap":{"0":{"loc":{"start":{"line":21,"column":27},"end":{"line":21,"column":82}},"type":"cond-expr","locations":[{"start":{"line":21,"column":42},"end":{"line":21,"column":58}},{"start":{"line":21,"column":61},"end":{"line":21,"column":82}}],"line":21},"1":{"loc":{"start":{"line":26,"column":18},"end":{"line":26,"column":82}},"type":"cond-expr","locations":[{"start":{"line":26,"column":39},"end":{"line":26,"column":68}},{"start":{"line":26,"column":73},"end":{"line":26,"column":81}}],"line":26}},"s":{"0":1,"1":1,"2":0,"3":0,"4":0},"f":{"0":0,"1":0},"b":{"0":[0,0],"1":[0,0]},"_coverageSchema":"332fd63041d2c1bcb487cc26dd0d5f7d97098a6c","hash":"375ecdc5b7c6bc69a209646cdae1ff9e62ae94db"}
,"C:\\Projetos\\spotify-react-redux\\src\\components\\main\\UserInfo.jsx": {"path":"C:\\Projetos\\spotify-react-redux\\src\\components\\main\\UserInfo.jsx","statementMap":{"0":{"start":{"line":10,"column":24},"end":{"line":51,"column":1}},"1":{"start":{"line":11,"column":45},"end":{"line":11,"column":50}},"2":{"start":{"line":13,"column":27},"end":{"line":35,"column":3}},"3":{"start":{"line":14,"column":4},"end":{"line":34,"column":6}},"4":{"start":{"line":37,"column":2},"end":{"line":50,"column":3}},"5":{"start":{"line":53,"column":0},"end":{"line":56,"column":1}}},"fnMap":{"0":{"name":"(anonymous_0)","decl":{"start":{"line":10,"column":24},"end":{"line":10,"column":25}},"loc":{"start":{"line":10,"column":35},"end":{"line":51,"column":1}},"line":10},"1":{"name":"(anonymous_1)","decl":{"start":{"line":13,"column":27},"end":{"line":13,"column":28}},"loc":{"start":{"line":13,"column":33},"end":{"line":35,"column":3}},"line":13}},"branchMap":{"0":{"loc":{"start":{"line":25,"column":15},"end":{"line":25,"column":84}},"type":"cond-expr","locations":[{"start":{"line":25,"column":42},"end":{"line":25,"column":61}},{"start":{"line":25,"column":64},"end":{"line":25,"column":84}}],"line":25},"1":{"loc":{"start":{"line":40,"column":7},"end":{"line":40,"column":45}},"type":"binary-expr","locations":[{"start":{"line":40,"column":7},"end":{"line":40,"column":23}},{"start":{"line":40,"column":27},"end":{"line":40,"column":45}}],"line":40},"2":{"loc":{"start":{"line":41,"column":7},"end":{"line":46,"column":14}},"type":"binary-expr","locations":[{"start":{"line":41,"column":7},"end":{"line":41,"column":20}},{"start":{"line":42,"column":8},"end":{"line":46,"column":14}}],"line":41}},"s":{"0":1,"1":0,"2":0,"3":0,"4":0,"5":1},"f":{"0":0,"1":0},"b":{"0":[0,0],"1":[0,0],"2":[0,0]},"_coverageSchema":"332fd63041d2c1bcb487cc26dd0d5f7d97098a6c","hash":"693984596933dcfd2150f90d004552ceabfebd48"}
,"C:\\Projetos\\spotify-react-redux\\src\\constants\\api.js": {"path":"C:\\Projetos\\spotify-react-redux\\src\\constants\\api.js","statementMap":{"0":{"start":{"line":3,"column":19},"end":{"line":9,"column":1}},"1":{"start":{"line":4,"column":4},"end":{"line":8,"column":6}}},"fnMap":{"0":{"name":"(anonymous_0)","decl":{"start":{"line":3,"column":19},"end":{"line":3,"column":20}},"loc":{"start":{"line":3,"column":28},"end":{"line":9,"column":1}},"line":3}},"branchMap":{},"s":{"0":1,"1":0},"f":{"0":0},"b":{},"_coverageSchema":"332fd63041d2c1bcb487cc26dd0d5f7d97098a6c","hash":"e6cebfefa8953f977846f32ad93ad34772e0ca11"}
,"C:\\Projetos\\spotify-react-redux\\src\\constants\\index.js": {"path":"C:\\Projetos\\spotify-react-redux\\src\\constants\\index.js","statementMap":{"0":{"start":{"line":1,"column":35},"end":{"line":1,"column":56}},"1":{"start":{"line":2,"column":31},"end":{"line":2,"column":48}},"2":{"start":{"line":4,"column":32},"end":{"line":4,"column":50}},"3":{"start":{"line":5,"column":31},"end":{"line":5,"column":48}},"4":{"start":{"line":6,"column":30},"end":{"line":6,"column":46}},"5":{"start":{"line":8,"column":28},"end":{"line":8,"column":42}},"6":{"start":{"line":10,"column":16},"end":{"line":10,"column":44}},"7":{"start":{"line":16,"column":27},"end":{"line":16,"column":76}},"8":{"start":{"line":18,"column":31},"end":{"line":18,"column":46}},"9":{"start":{"line":19,"column":37},"end":{"line":19,"column":62}},"10":{"start":{"line":20,"column":29},"end":{"line":20,"column":51}}},"fnMap":{},"branchMap":{},"s":{"0":2,"1":2,"2":2,"3":2,"4":2,"5":2,"6":2,"7":2,"8":2,"9":2,"10":2},"f":{},"b":{},"_coverageSchema":"332fd63041d2c1bcb487cc26dd0d5f7d97098a6c","hash":"ca948e6c7a915627c42c5387a2d3f6276ffbbef2"}
,"C:\\Projetos\\spotify-react-redux\\src\\containers\\App.jsx": {"path":"C:\\Projetos\\spotify-react-redux\\src\\containers\\App.jsx","statementMap":{"0":{"start":{"line":19,"column":14},"end":{"line":20,"column":34}},"1":{"start":{"line":24,"column":12},"end":{"line":33,"column":1}},"2":{"start":{"line":25,"column":2},"end":{"line":32,"column":13}}},"fnMap":{"0":{"name":"(anonymous_0)","decl":{"start":{"line":24,"column":12},"end":{"line":24,"column":13}},"loc":{"start":{"line":25,"column":2},"end":{"line":32,"column":13}},"line":25}},"branchMap":{},"s":{"0":1,"1":1,"2":1},"f":{"0":1},"b":{},"_coverageSchema":"332fd63041d2c1bcb487cc26dd0d5f7d97098a6c","hash":"a90e0c45f4e8ebb74b7f0525ab4b7ffecc502456"}
,"C:\\Projetos\\spotify-react-redux\\src\\containers\\Authenticate.jsx": {"path":"C:\\Projetos\\spotify-react-redux\\src\\containers\\Authenticate.jsx","statementMap":{"0":{"start":{"line":8,"column":24},"end":{"line":12,"column":2}},"1":{"start":{"line":8,"column":36},"end":{"line":12,"column":1}},"2":{"start":{"line":14,"column":27},"end":{"line":20,"column":2}},"3":{"start":{"line":14,"column":42},"end":{"line":20,"column":1}},"4":{"start":{"line":15,"column":40},"end":{"line":15,"column":89}},"5":{"start":{"line":17,"column":32},"end":{"line":17,"column":40}},"6":{"start":{"line":18,"column":8},"end":{"line":18,"column":49}}},"fnMap":{"0":{"name":"(anonymous_0)","decl":{"start":{"line":8,"column":24},"end":{"line":8,"column":25}},"loc":{"start":{"line":8,"column":36},"end":{"line":12,"column":1}},"line":8},"1":{"name":"(anonymous_1)","decl":{"start":{"line":14,"column":27},"end":{"line":14,"column":28}},"loc":{"start":{"line":14,"column":42},"end":{"line":20,"column":1}},"line":14},"2":{"name":"(anonymous_2)","decl":{"start":{"line":15,"column":14},"end":{"line":15,"column":15}},"loc":{"start":{"line":15,"column":40},"end":{"line":15,"column":89}},"line":15},"3":{"name":"(anonymous_3)","decl":{"start":{"line":16,"column":25},"end":{"line":16,"column":26}},"loc":{"start":{"line":16,"column":32},"end":{"line":19,"column":5}},"line":16}},"branchMap":{},"s":{"0":1,"1":0,"2":1,"3":0,"4":0,"5":0,"6":0},"f":{"0":0,"1":0,"2":0,"3":0},"b":{},"_coverageSchema":"332fd63041d2c1bcb487cc26dd0d5f7d97098a6c","hash":"1d174cc2b6bb4ea9c237d39c1f2e87795cca2d0d"}
,"C:\\Projetos\\spotify-react-redux\\src\\containers\\MainContainer.jsx": {"path":"C:\\Projetos\\spotify-react-redux\\src\\containers\\MainContainer.jsx","statementMap":{"0":{"start":{"line":16,"column":24},"end":{"line":23,"column":2}},"1":{"start":{"line":16,"column":34},"end":{"line":23,"column":1}},"2":{"start":{"line":25,"column":27},"end":{"line":30,"column":2}},"3":{"start":{"line":25,"column":40},"end":{"line":30,"column":1}},"4":{"start":{"line":26,"column":28},"end":{"line":26,"column":58}},"5":{"start":{"line":27,"column":30},"end":{"line":27,"column":57}},"6":{"start":{"line":28,"column":29},"end":{"line":28,"column":64}},"7":{"start":{"line":29,"column":25},"end":{"line":29,"column":53}},"8":{"start":{"line":34,"column":4},"end":{"line":34,"column":38}},"9":{"start":{"line":35,"column":4},"end":{"line":35,"column":49}},"10":{"start":{"line":36,"column":4},"end":{"line":36,"column":33}},"11":{"start":{"line":40,"column":4},"end":{"line":68,"column":6}}},"fnMap":{"0":{"name":"(anonymous_0)","decl":{"start":{"line":16,"column":24},"end":{"line":16,"column":25}},"loc":{"start":{"line":16,"column":34},"end":{"line":23,"column":1}},"line":16},"1":{"name":"(anonymous_1)","decl":{"start":{"line":25,"column":27},"end":{"line":25,"column":28}},"loc":{"start":{"line":25,"column":40},"end":{"line":30,"column":1}},"line":25},"2":{"name":"(anonymous_2)","decl":{"start":{"line":26,"column":17},"end":{"line":26,"column":18}},"loc":{"start":{"line":26,"column":28},"end":{"line":26,"column":58}},"line":26},"3":{"name":"(anonymous_3)","decl":{"start":{"line":27,"column":24},"end":{"line":27,"column":25}},"loc":{"start":{"line":27,"column":30},"end":{"line":27,"column":57}},"line":27},"4":{"name":"(anonymous_4)","decl":{"start":{"line":28,"column":17},"end":{"line":28,"column":18}},"loc":{"start":{"line":28,"column":29},"end":{"line":28,"column":64}},"line":28},"5":{"name":"(anonymous_5)","decl":{"start":{"line":29,"column":19},"end":{"line":29,"column":20}},"loc":{"start":{"line":29,"column":25},"end":{"line":29,"column":53}},"line":29},"6":{"name":"(anonymous_6)","decl":{"start":{"line":33,"column":2},"end":{"line":33,"column":3}},"loc":{"start":{"line":33,"column":22},"end":{"line":37,"column":3}},"line":33},"7":{"name":"(anonymous_7)","decl":{"start":{"line":39,"column":2},"end":{"line":39,"column":3}},"loc":{"start":{"line":39,"column":11},"end":{"line":69,"column":3}},"line":39}},"branchMap":{"0":{"loc":{"start":{"line":47,"column":9},"end":{"line":65,"column":11}},"type":"binary-expr","locations":[{"start":{"line":47,"column":9},"end":{"line":47,"column":35}},{"start":{"line":47,"column":39},"end":{"line":47,"column":65}},{"start":{"line":49,"column":12},"end":{"line":64,"column":18}}],"line":47}},"s":{"0":1,"1":0,"2":1,"3":0,"4":0,"5":0,"6":0,"7":0,"8":0,"9":0,"10":0,"11":0},"f":{"0":0,"1":0,"2":0,"3":0,"4":0,"5":0,"6":0,"7":0},"b":{"0":[0,0,0]},"_coverageSchema":"332fd63041d2c1bcb487cc26dd0d5f7d97098a6c","hash":"cccbbf8bde317772a58282491c43184d2a66fc7f"}
,"C:\\Projetos\\spotify-react-redux\\src\\redux-flow\\actions\\login-actions.js": {"path":"C:\\Projetos\\spotify-react-redux\\src\\redux-flow\\actions\\login-actions.js","statementMap":{"0":{"start":{"line":9,"column":33},"end":{"line":34,"column":1}},"1":{"start":{"line":10,"column":4},"end":{"line":33,"column":5}},"2":{"start":{"line":11,"column":8},"end":{"line":32,"column":11}},"3":{"start":{"line":13,"column":22},"end":{"line":13,"column":77}},"4":{"start":{"line":15,"column":27},"end":{"line":31,"column":19}},"5":{"start":{"line":16,"column":33},"end":{"line":16,"column":54}},"6":{"start":{"line":18,"column":16},"end":{"line":30,"column":17}},"7":{"start":{"line":19,"column":20},"end":{"line":19,"column":44}},"8":{"start":{"line":20,"column":39},"end":{"line":20,"column":83}},"9":{"start":{"line":21,"column":20},"end":{"line":21,"column":32}},"10":{"start":{"line":22,"column":20},"end":{"line":22,"column":80}},"11":{"start":{"line":24,"column":20},"end":{"line":24,"column":42}},"12":{"start":{"line":26,"column":20},"end":{"line":29,"column":23}},"13":{"start":{"line":38,"column":40},"end":{"line":43,"column":1}},"14":{"start":{"line":39,"column":4},"end":{"line":42,"column":27}},"15":{"start":{"line":40,"column":8},"end":{"line":40,"column":47}},"16":{"start":{"line":42,"column":8},"end":{"line":42,"column":27}},"17":{"start":{"line":45,"column":32},"end":{"line":51,"column":1}},"18":{"start":{"line":46,"column":4},"end":{"line":50,"column":5}},"19":{"start":{"line":47,"column":8},"end":{"line":47,"column":70}},"20":{"start":{"line":49,"column":8},"end":{"line":49,"column":20}},"21":{"start":{"line":54,"column":30},"end":{"line":57,"column":2}},"22":{"start":{"line":54,"column":48},"end":{"line":57,"column":1}}},"fnMap":{"0":{"name":"(anonymous_0)","decl":{"start":{"line":9,"column":33},"end":{"line":9,"column":34}},"loc":{"start":{"line":9,"column":59},"end":{"line":34,"column":1}},"line":9},"1":{"name":"(anonymous_1)","decl":{"start":{"line":10,"column":11},"end":{"line":10,"column":12}},"loc":{"start":{"line":10,"column":23},"end":{"line":33,"column":5}},"line":10},"2":{"name":"(anonymous_2)","decl":{"start":{"line":11,"column":58},"end":{"line":11,"column":59}},"loc":{"start":{"line":11,"column":70},"end":{"line":32,"column":9}},"line":11},"3":{"name":"(anonymous_3)","decl":{"start":{"line":15,"column":46},"end":{"line":15,"column":47}},"loc":{"start":{"line":15,"column":52},"end":{"line":31,"column":13}},"line":15},"4":{"name":"(anonymous_4)","decl":{"start":{"line":38,"column":40},"end":{"line":38,"column":41}},"loc":{"start":{"line":38,"column":46},"end":{"line":43,"column":1}},"line":38},"5":{"name":"(anonymous_5)","decl":{"start":{"line":45,"column":32},"end":{"line":45,"column":33}},"loc":{"start":{"line":45,"column":41},"end":{"line":51,"column":1}},"line":45},"6":{"name":"(anonymous_6)","decl":{"start":{"line":54,"column":30},"end":{"line":54,"column":31}},"loc":{"start":{"line":54,"column":48},"end":{"line":57,"column":1}},"line":54}},"branchMap":{"0":{"loc":{"start":{"line":18,"column":16},"end":{"line":30,"column":17}},"type":"if","locations":[{"start":{"line":18,"column":16},"end":{"line":30,"column":17}},{"start":{"line":18,"column":16},"end":{"line":30,"column":17}}],"line":18},"1":{"loc":{"start":{"line":39,"column":4},"end":{"line":42,"column":27}},"type":"if","locations":[{"start":{"line":39,"column":4},"end":{"line":42,"column":27}},{"start":{"line":39,"column":4},"end":{"line":42,"column":27}}],"line":39}},"s":{"0":2,"1":0,"2":0,"3":0,"4":0,"5":0,"6":0,"7":0,"8":0,"9":0,"10":0,"11":0,"12":0,"13":2,"14":1,"15":1,"16":0,"17":2,"18":0,"19":0,"20":0,"21":2,"22":0},"f":{"0":0,"1":0,"2":0,"3":0,"4":1,"5":0,"6":0},"b":{"0":[0,0],"1":[1,0]},"_coverageSchema":"332fd63041d2c1bcb487cc26dd0d5f7d97098a6c","hash":"7bc7d3a134a9b72fd905c762710d5fb08194ad36"}
,"C:\\Projetos\\spotify-react-redux\\src\\redux-flow\\actions\\main-actions.js": {"path":"C:\\Projetos\\spotify-react-redux\\src\\redux-flow\\actions\\main-actions.js","statementMap":{"0":{"start":{"line":14,"column":27},"end":{"line":33,"column":1}},"1":{"start":{"line":15,"column":4},"end":{"line":32,"column":5}},"2":{"start":{"line":16,"column":8},"end":{"line":31,"column":14}},"3":{"start":{"line":18,"column":16},"end":{"line":25,"column":17}},"4":{"start":{"line":19,"column":20},"end":{"line":22,"column":23}},"5":{"start":{"line":24,"column":20},"end":{"line":24,"column":43}},"6":{"start":{"line":28,"column":16},"end":{"line":30,"column":17}},"7":{"start":{"line":29,"column":20},"end":{"line":29,"column":43}},"8":{"start":{"line":35,"column":31},"end":{"line":48,"column":1}},"9":{"start":{"line":36,"column":4},"end":{"line":47,"column":5}},"10":{"start":{"line":37,"column":22},"end":{"line":37,"column":69}},"11":{"start":{"line":38,"column":8},"end":{"line":46,"column":14}},"12":{"start":{"line":40,"column":16},"end":{"line":45,"column":17}},"13":{"start":{"line":41,"column":20},"end":{"line":44,"column":22}},"14":{"start":{"line":51,"column":32},"end":{"line":64,"column":1}},"15":{"start":{"line":52,"column":4},"end":{"line":63,"column":5}},"16":{"start":{"line":53,"column":8},"end":{"line":62,"column":14}},"17":{"start":{"line":55,"column":16},"end":{"line":55,"column":43}},"18":{"start":{"line":56,"column":16},"end":{"line":61,"column":17}},"19":{"start":{"line":57,"column":20},"end":{"line":60,"column":22}}},"fnMap":{"0":{"name":"(anonymous_0)","decl":{"start":{"line":14,"column":27},"end":{"line":14,"column":28}},"loc":{"start":{"line":14,"column":40},"end":{"line":33,"column":1}},"line":14},"1":{"name":"(anonymous_1)","decl":{"start":{"line":15,"column":11},"end":{"line":15,"column":12}},"loc":{"start":{"line":15,"column":23},"end":{"line":32,"column":5}},"line":15},"2":{"name":"(anonymous_2)","decl":{"start":{"line":17,"column":18},"end":{"line":17,"column":19}},"loc":{"start":{"line":17,"column":30},"end":{"line":26,"column":13}},"line":17},"3":{"name":"(anonymous_3)","decl":{"start":{"line":27,"column":19},"end":{"line":27,"column":20}},"loc":{"start":{"line":27,"column":30},"end":{"line":31,"column":13}},"line":27},"4":{"name":"(anonymous_4)","decl":{"start":{"line":35,"column":31},"end":{"line":35,"column":32}},"loc":{"start":{"line":35,"column":37},"end":{"line":48,"column":1}},"line":35},"5":{"name":"(anonymous_5)","decl":{"start":{"line":36,"column":11},"end":{"line":36,"column":12}},"loc":{"start":{"line":36,"column":23},"end":{"line":47,"column":5}},"line":36},"6":{"name":"(anonymous_6)","decl":{"start":{"line":39,"column":18},"end":{"line":39,"column":19}},"loc":{"start":{"line":39,"column":30},"end":{"line":46,"column":13}},"line":39},"7":{"name":"(anonymous_7)","decl":{"start":{"line":51,"column":32},"end":{"line":51,"column":33}},"loc":{"start":{"line":51,"column":38},"end":{"line":64,"column":1}},"line":51},"8":{"name":"(anonymous_8)","decl":{"start":{"line":52,"column":11},"end":{"line":52,"column":12}},"loc":{"start":{"line":52,"column":23},"end":{"line":63,"column":5}},"line":52},"9":{"name":"(anonymous_9)","decl":{"start":{"line":54,"column":18},"end":{"line":54,"column":19}},"loc":{"start":{"line":54,"column":30},"end":{"line":62,"column":13}},"line":54}},"branchMap":{"0":{"loc":{"start":{"line":18,"column":16},"end":{"line":25,"column":17}},"type":"if","locations":[{"start":{"line":18,"column":16},"end":{"line":25,"column":17}},{"start":{"line":18,"column":16},"end":{"line":25,"column":17}}],"line":18},"1":{"loc":{"start":{"line":28,"column":16},"end":{"line":30,"column":17}},"type":"if","locations":[{"start":{"line":28,"column":16},"end":{"line":30,"column":17}},{"start":{"line":28,"column":16},"end":{"line":30,"column":17}}],"line":28},"2":{"loc":{"start":{"line":40,"column":16},"end":{"line":45,"column":17}},"type":"if","locations":[{"start":{"line":40,"column":16},"end":{"line":45,"column":17}},{"start":{"line":40,"column":16},"end":{"line":45,"column":17}}],"line":40},"3":{"loc":{"start":{"line":56,"column":16},"end":{"line":61,"column":17}},"type":"if","locations":[{"start":{"line":56,"column":16},"end":{"line":61,"column":17}},{"start":{"line":56,"column":16},"end":{"line":61,"column":17}}],"line":56}},"s":{"0":1,"1":0,"2":0,"3":0,"4":0,"5":0,"6":0,"7":0,"8":1,"9":0,"10":0,"11":0,"12":0,"13":0,"14":1,"15":0,"16":0,"17":0,"18":0,"19":0},"f":{"0":0,"1":0,"2":0,"3":0,"4":0,"5":0,"6":0,"7":0,"8":0,"9":0},"b":{"0":[0,0],"1":[0,0],"2":[0,0],"3":[0,0]},"_coverageSchema":"332fd63041d2c1bcb487cc26dd0d5f7d97098a6c","hash":"27d1b6b9589290c0c6ef837d7133a0583c02c8c9"}
,"C:\\Projetos\\spotify-react-redux\\src\\redux-flow\\actions\\sidebar-actions.js": {"path":"C:\\Projetos\\spotify-react-redux\\src\\redux-flow\\actions\\sidebar-actions.js","statementMap":{"0":{"start":{"line":3,"column":31},"end":{"line":8,"column":1}},"1":{"start":{"line":4,"column":4},"end":{"line":7,"column":5}}},"fnMap":{"0":{"name":"(anonymous_0)","decl":{"start":{"line":3,"column":31},"end":{"line":3,"column":32}},"loc":{"start":{"line":3,"column":45},"end":{"line":8,"column":1}},"line":3}},"branchMap":{},"s":{"0":1,"1":0},"f":{"0":0},"b":{},"_coverageSchema":"332fd63041d2c1bcb487cc26dd0d5f7d97098a6c","hash":"78692f82f7400bc23eb534baa15aeb7be5a91476"}
,"C:\\Projetos\\spotify-react-redux\\src\\redux-flow\\reducers\\index.js": {"path":"C:\\Projetos\\spotify-react-redux\\src\\redux-flow\\reducers\\index.js","statementMap":{},"fnMap":{},"branchMap":{},"s":{},"f":{},"b":{},"_coverageSchema":"332fd63041d2c1bcb487cc26dd0d5f7d97098a6c","hash":"dcbf86235196c1e99b78b5c0fdb1163609ef09e7"}
,"C:\\Projetos\\spotify-react-redux\\src\\redux-flow\\reducers\\login-reducers.js": {"path":"C:\\Projetos\\spotify-react-redux\\src\\redux-flow\\reducers\\login-reducers.js","statementMap":{"0":{"start":{"line":6,"column":30},"end":{"line":24,"column":1}},"1":{"start":{"line":7,"column":4},"end":{"line":9,"column":5}},"2":{"start":{"line":8,"column":8},"end":{"line":8,"column":18}},"3":{"start":{"line":10,"column":4},"end":{"line":23,"column":5}},"4":{"start":{"line":12,"column":12},"end":{"line":14,"column":14}},"5":{"start":{"line":17,"column":12},"end":{"line":20,"column":14}},"6":{"start":{"line":22,"column":12},"end":{"line":22,"column":25}}},"fnMap":{"0":{"name":"(anonymous_0)","decl":{"start":{"line":6,"column":30},"end":{"line":6,"column":31}},"loc":{"start":{"line":6,"column":49},"end":{"line":24,"column":1}},"line":6}},"branchMap":{"0":{"loc":{"start":{"line":7,"column":4},"end":{"line":9,"column":5}},"type":"if","locations":[{"start":{"line":7,"column":4},"end":{"line":9,"column":5}},{"start":{"line":7,"column":4},"end":{"line":9,"column":5}}],"line":7},"1":{"loc":{"start":{"line":10,"column":4},"end":{"line":23,"column":5}},"type":"switch","locations":[{"start":{"line":11,"column":8},"end":{"line":14,"column":14}},{"start":{"line":16,"column":8},"end":{"line":20,"column":14}},{"start":{"line":21,"column":8},"end":{"line":22,"column":25}}],"line":10}},"s":{"0":1,"1":3,"2":3,"3":3,"4":0,"5":0,"6":3},"f":{"0":3},"b":{"0":[3,0],"1":[0,0,3]},"_coverageSchema":"332fd63041d2c1bcb487cc26dd0d5f7d97098a6c","hash":"57eec03c1e6eb7e0d98b1f5326794a5950274c7d"}
,"C:\\Projetos\\spotify-react-redux\\src\\redux-flow\\reducers\\main-reducers.js": {"path":"C:\\Projetos\\spotify-react-redux\\src\\redux-flow\\reducers\\main-reducers.js","statementMap":{"0":{"start":{"line":7,"column":31},"end":{"line":30,"column":1}},"1":{"start":{"line":8,"column":4},"end":{"line":10,"column":5}},"2":{"start":{"line":9,"column":8},"end":{"line":9,"column":18}},"3":{"start":{"line":11,"column":4},"end":{"line":29,"column":5}},"4":{"start":{"line":13,"column":12},"end":{"line":16,"column":13}},"5":{"start":{"line":18,"column":12},"end":{"line":21,"column":13}},"6":{"start":{"line":23,"column":12},"end":{"line":26,"column":13}},"7":{"start":{"line":28,"column":12},"end":{"line":28,"column":25}}},"fnMap":{"0":{"name":"(anonymous_0)","decl":{"start":{"line":7,"column":31},"end":{"line":7,"column":32}},"loc":{"start":{"line":7,"column":50},"end":{"line":30,"column":1}},"line":7}},"branchMap":{"0":{"loc":{"start":{"line":8,"column":4},"end":{"line":10,"column":5}},"type":"if","locations":[{"start":{"line":8,"column":4},"end":{"line":10,"column":5}},{"start":{"line":8,"column":4},"end":{"line":10,"column":5}}],"line":8},"1":{"loc":{"start":{"line":11,"column":4},"end":{"line":29,"column":5}},"type":"switch","locations":[{"start":{"line":12,"column":8},"end":{"line":16,"column":13}},{"start":{"line":17,"column":8},"end":{"line":21,"column":13}},{"start":{"line":22,"column":8},"end":{"line":26,"column":13}},{"start":{"line":27,"column":8},"end":{"line":28,"column":25}}],"line":11}},"s":{"0":1,"1":3,"2":3,"3":3,"4":0,"5":0,"6":0,"7":3},"f":{"0":3},"b":{"0":[3,0],"1":[0,0,0,3]},"_coverageSchema":"332fd63041d2c1bcb487cc26dd0d5f7d97098a6c","hash":"633f2f4b40aa69f3663fd89171c2f1bdf697309f"}
,"C:\\Projetos\\spotify-react-redux\\src\\redux-flow\\reducers\\sidebar-reducers.js": {"path":"C:\\Projetos\\spotify-react-redux\\src\\redux-flow\\reducers\\sidebar-reducers.js","statementMap":{"0":{"start":{"line":5,"column":27},"end":{"line":15,"column":1}},"1":{"start":{"line":6,"column":4},"end":{"line":8,"column":5}},"2":{"start":{"line":7,"column":8},"end":{"line":7,"column":19}},"3":{"start":{"line":9,"column":4},"end":{"line":13,"column":5}},"4":{"start":{"line":10,"column":8},"end":{"line":12,"column":10}},"5":{"start":{"line":14,"column":4},"end":{"line":14,"column":17}}},"fnMap":{"0":{"name":"(anonymous_0)","decl":{"start":{"line":5,"column":27},"end":{"line":5,"column":28}},"loc":{"start":{"line":5,"column":46},"end":{"line":15,"column":1}},"line":5}},"branchMap":{"0":{"loc":{"start":{"line":6,"column":4},"end":{"line":8,"column":5}},"type":"if","locations":[{"start":{"line":6,"column":4},"end":{"line":8,"column":5}},{"start":{"line":6,"column":4},"end":{"line":8,"column":5}}],"line":6},"1":{"loc":{"start":{"line":9,"column":4},"end":{"line":13,"column":5}},"type":"if","locations":[{"start":{"line":9,"column":4},"end":{"line":13,"column":5}},{"start":{"line":9,"column":4},"end":{"line":13,"column":5}}],"line":9}},"s":{"0":1,"1":3,"2":3,"3":3,"4":0,"5":3},"f":{"0":3},"b":{"0":[3,0],"1":[0,3]},"_coverageSchema":"332fd63041d2c1bcb487cc26dd0d5f7d97098a6c","hash":"5646e737cda7c67d762ed879a60acae1c7738fda"}
}
